#
# A fatal error has been detected by the Java Runtime Environment:
#
#  Internal Error (javaCalls.cpp:62), pid=5732, tid=3512
#  guarantee(thread->is_Java_thread()) failed: crucial check - the VM thread cannot and must not escape to Java code
#
# JRE version: 7.0_25-b16
# Java VM: Java HotSpot(TM) 64-Bit Server VM (23.25-b01 mixed mode windows-amd64 compressed oops)
# Failed to write core dump. Minidumps are not enabled by default on client versions of Windows
#
# If you would like to submit a bug report, please visit:
#   http://bugreport.sun.com/bugreport/crash.jsp
#

---------------  T H R E A D  ---------------

Current thread (0x000000000b633000):  VMThread [stack: 0x000000000c6c0000,0x000000000c7c0000] [id=3512]

Stack: [0x000000000c6c0000,0x000000000c7c0000]
VM_Operation (0x000000000d5ff2e0): GetOrSetLocal, mode: safepoint, requested by thread 0x000000000b6c4000


---------------  P R O C E S S  ---------------

Java Threads: ( => current thread )
  0x000000000b6dc000 JavaThread "Service Thread" daemon [_thread_blocked, id=804, stack(0x000000000d9f0000,0x000000000daf0000)]
  0x000000000b6db800 JavaThread "C2 CompilerThread1" daemon [_thread_blocked, id=5768, stack(0x000000000dc40000,0x000000000dd40000)]
  0x000000000b6d5800 JavaThread "C2 CompilerThread0" daemon [_thread_blocked, id=6120, stack(0x000000000daf0000,0x000000000dbf0000)]
  0x000000000b6cb000 JavaThread "JDWP Command Reader" daemon [_thread_in_native, id=552, stack(0x000000000d840000,0x000000000d940000)]
  0x000000000b6c7800 JavaThread "JDWP Event Helper Thread" daemon [_thread_blocked, id=2320, stack(0x000000000d610000,0x000000000d710000)]
  0x000000000b6c4000 JavaThread "JDWP Transport Listener: dt_socket" daemon [_thread_blocked, id=1088, stack(0x000000000d500000,0x000000000d600000)]
  0x000000000b6b9000 JavaThread "Attach Listener" daemon [_thread_blocked, id=3244, stack(0x000000000cc50000,0x000000000cd50000)]
  0x000000000b6b1800 JavaThread "Signal Dispatcher" daemon [_thread_blocked, id=5556, stack(0x000000000cac0000,0x000000000cbc0000)]
  0x00000000021f7800 JavaThread "Finalizer" daemon [_thread_blocked, id=5284, stack(0x000000000c910000,0x000000000ca10000)]
  0x00000000021f0800 JavaThread "Reference Handler" daemon [_thread_blocked, id=2876, stack(0x000000000c580000,0x000000000c680000)]
  0x000000000220e000 JavaThread "main" [_thread_blocked, id=1296, stack(0x00000000024c0000,0x00000000025c0000)]

Other Threads:
=>0x000000000b633000 VMThread [stack: 0x000000000c6c0000,0x000000000c7c0000] [id=3512]
  0x000000000b6fd000 WatcherThread [stack: 0x000000000d720000,0x000000000d820000] [id=5388]

VM state:at safepoint (normal execution)

VM Mutex/Monitor currently owned by a thread:  ([mutex/lock_event])
[0x000000000220b6f0] Threads_lock - owner thread: 0x000000000b633000

Heap
 PSYoungGen      total 262272K, used 38608K [0x00000007d66b0000, 0x00000007e6f30000, 0x0000000800000000)
  eden space 254848K, 15% used [0x00000007d66b0000,0x00000007d8c34180,0x00000007e5f90000)
  from space 7424K, 2% used [0x00000007e6730000,0x00000007e6760000,0x00000007e6e70000)
  to   space 7808K, 0% used [0x00000007e5f90000,0x00000007e5f90000,0x00000007e6730000)
 ParOldGen       total 85120K, used 6280K [0x0000000783400000, 0x0000000788720000, 0x00000007d66b0000)
  object space 85120K, 7% used [0x0000000783400000,0x0000000783a220a0,0x0000000788720000)
 PSPermGen       total 21248K, used 2854K [0x000000077e200000, 0x000000077f6c0000, 0x0000000783400000)
  object space 21248K, 13% used [0x000000077e200000,0x000000077e4c9be0,0x000000077f6c0000)

Card table byte_map: [0x00000000055c0000,0x00000000059d0000] byte_map_base: 0x00000000019cf000

Polling page: 0x0000000000140000

Code Cache  [0x00000000025c0000, 0x0000000002830000, 0x00000000055c0000)
 total_blobs=265 nmethods=88 adapters=136 free_code_cache=48592Kb largest_free_block=49736640

Compilation events (10 events):
Event: 4.200 Thread 0x000000000b6db800   75             java.lang.StringBuilder::append (8 bytes)
Event: 4.216 Thread 0x000000000b6db800 nmethod 75 0x000000000264cad0 code [0x000000000264cc40, 0x000000000264d0c8]
Event: 4.232 Thread 0x000000000b6d5800   77             sun.misc.FloatingDecimal::countBits (80 bytes)
Event: 4.233 Thread 0x000000000b6d5800 nmethod 77 0x000000000264c810 code [0x000000000264c940, 0x000000000264ca18]
Event: 4.282 Thread 0x000000000b6db800   78             java.lang.Integer::parseInt (7 bytes)
Event: 4.283 Thread 0x000000000b6db800 nmethod 78 0x000000000264c510 code [0x000000000264c660, 0x000000000264c6c8]
Event: 4.293 Thread 0x000000000b6d5800   79             java.nio.Buffer::position (5 bytes)
Event: 4.294 Thread 0x000000000b6d5800 nmethod 79 0x0000000002644510 code [0x0000000002644640, 0x0000000002644698]
Event: 4.328 Thread 0x000000000b6db800   80             java.nio.charset.CoderResult::isUnderflow (13 bytes)
Event: 4.328 Thread 0x000000000b6db800 nmethod 80 0x0000000002644310 code [0x0000000002644440, 0x00000000026444b8]

GC Heap History (10 events):
Event: 4.003 GC heap before
{Heap before GC invocations=4 (full 0):
 PSYoungGen      total 37248K, used 36365K [0x00000007d66b0000, 0x00000007daf70000, 0x0000000800000000)
  eden space 31936K, 100% used [0x00000007d66b0000,0x00000007d85e0000,0x00000007d85e0000)
  from space 5312K, 83% used [0x00000007d85e0000,0x00000007d8a33630,0x00000007d8b10000)
  to   space 5312K, 0% used [0x00000007daa40000,0x00000007daa40000,0x00000007daf70000)
 ParOldGen       total 85120K, used 16K [0x0000000783400000, 0x0000000788720000, 0x00000007d66b0000)
  object space 85120K, 0% used [0x0000000783400000,0x0000000783404000,0x0000000788720000)
 PSPermGen       total 21248K, used 2725K [0x000000077e200000, 0x000000077f6c0000, 0x0000000783400000)
  object space 21248K, 12% used [0x000000077e200000,0x000000077e4a9648,0x000000077f6c0000)
Event: 4.026 GC heap after
Heap after GC invocations=4 (full 0):
 PSYoungGen      total 69184K, used 5286K [0x00000007d66b0000, 0x00000007daf70000, 0x0000000800000000)
  eden space 63872K, 0% used [0x00000007d66b0000,0x00000007d66b0000,0x00000007da510000)
  from space 5312K, 99% used [0x00000007daa40000,0x00000007daf69b60,0x00000007daf70000)
  to   space 5312K, 0% used [0x00000007da510000,0x00000007da510000,0x00000007daa40000)
 ParOldGen       total 85120K, used 976K [0x0000000783400000, 0x0000000788720000, 0x00000007d66b0000)
  object space 85120K, 1% used [0x0000000783400000,0x00000007834f4000,0x0000000788720000)
 PSPermGen       total 21248K, used 2725K [0x000000077e200000, 0x000000077f6c0000, 0x0000000783400000)
  object space 21248K, 12% used [0x000000077e200000,0x000000077e4a9648,0x000000077f6c0000)
}
Event: 4.101 GC heap before
{Heap before GC invocations=5 (full 0):
 PSYoungGen      total 69184K, used 69158K [0x00000007d66b0000, 0x00000007daf70000, 0x0000000800000000)
  eden space 63872K, 100% used [0x00000007d66b0000,0x00000007da510000,0x00000007da510000)
  from space 5312K, 99% used [0x00000007daa40000,0x00000007daf69b60,0x00000007daf70000)
  to   space 5312K, 0% used [0x00000007da510000,0x00000007da510000,0x00000007daa40000)
 ParOldGen       total 85120K, used 976K [0x0000000783400000, 0x0000000788720000, 0x00000007d66b0000)
  object space 85120K, 1% used [0x0000000783400000,0x00000007834f4000,0x0000000788720000)
 PSPermGen       total 21248K, used 2748K [0x000000077e200000, 0x000000077f6c0000, 0x0000000783400000)
  object space 21248K, 12% used [0x000000077e200000,0x000000077e4af210,0x000000077f6c0000)
Event: 4.105 GC heap after
Heap after GC invocations=5 (full 0):
 PSYoungGen      total 69184K, used 5286K [0x00000007d66b0000, 0x00000007df230000, 0x0000000800000000)
  eden space 63872K, 0% used [0x00000007d66b0000,0x00000007d66b0000,0x00000007da510000)
  from space 5312K, 99% used [0x00000007da510000,0x00000007daa39b60,0x00000007daa40000)
  to   space 7552K, 0% used [0x00000007dead0000,0x00000007dead0000,0x00000007df230000)
 ParOldGen       total 85120K, used 1016K [0x0000000783400000, 0x0000000788720000, 0x00000007d66b0000)
  object space 85120K, 1% used [0x0000000783400000,0x00000007834fe000,0x0000000788720000)
 PSPermGen       total 21248K, used 2748K [0x000000077e200000, 0x000000077f6c0000, 0x0000000783400000)
  object space 21248K, 12% used [0x000000077e200000,0x000000077e4af210,0x000000077f6c0000)
}
Event: 4.155 GC heap before
{Heap before GC invocations=6 (full 0):
 PSYoungGen      total 69184K, used 69158K [0x00000007d66b0000, 0x00000007df230000, 0x0000000800000000)
  eden space 63872K, 100% used [0x00000007d66b0000,0x00000007da510000,0x00000007da510000)
  from space 5312K, 99% used [0x00000007da510000,0x00000007daa39b60,0x00000007daa40000)
  to   space 7552K, 0% used [0x00000007dead0000,0x00000007dead0000,0x00000007df230000)
 ParOldGen       total 85120K, used 1016K [0x0000000783400000, 0x0000000788720000, 0x00000007d66b0000)
  object space 85120K, 1% used [0x0000000783400000,0x00000007834fe000,0x0000000788720000)
 PSPermGen       total 21248K, used 2750K [0x000000077e200000, 0x000000077f6c0000, 0x0000000783400000)
  object space 21248K, 12% used [0x000000077e200000,0x000000077e4af8a8,0x000000077f6c0000)
Event: 4.159 GC heap after
Heap after GC invocations=6 (full 0):
 PSYoungGen      total 135168K, used 5350K [0x00000007d66b0000, 0x00000007df270000, 0x0000000800000000)
  eden space 127616K, 0% used [0x00000007d66b0000,0x00000007d66b0000,0x00000007de350000)
  from space 7552K, 70% used [0x00000007dead0000,0x00000007df009b60,0x00000007df230000)
  to   space 7680K, 0% used [0x00000007de350000,0x00000007de350000,0x00000007dead0000)
 ParOldGen       total 85120K, used 1024K [0x0000000783400000, 0x0000000788720000, 0x00000007d66b0000)
  object space 85120K, 1% used [0x0000000783400000,0x0000000783500000,0x0000000788720000)
 PSPermGen       total 21248K, used 2750K [0x000000077e200000, 0x000000077f6c0000, 0x0000000783400000)
  object space 21248K, 12% used [0x000000077e200000,0x000000077e4af8a8,0x000000077f6c0000)
}
Event: 4.272 GC heap before
{Heap before GC invocations=7 (full 0):
 PSYoungGen      total 135168K, used 132966K [0x00000007d66b0000, 0x00000007df270000, 0x0000000800000000)
  eden space 127616K, 100% used [0x00000007d66b0000,0x00000007de350000,0x00000007de350000)
  from space 7552K, 70% used [0x00000007dead0000,0x00000007df009b60,0x00000007df230000)
  to   space 7680K, 0% used [0x00000007de350000,0x00000007de350000,0x00000007dead0000)
 ParOldGen       total 85120K, used 1024K [0x0000000783400000, 0x0000000788720000, 0x00000007d66b0000)
  object space 85120K, 1% used [0x0000000783400000,0x0000000783500000,0x0000000788720000)
 PSPermGen       total 21248K, used 2754K [0x000000077e200000, 0x000000077f6c0000, 0x0000000783400000)
  object space 21248K, 12% used [0x000000077e200000,0x000000077e4b0bd0,0x000000077f6c0000)
Event: 4.279 GC heap after
Heap after GC invocations=7 (full 0):
 PSYoungGen      total 135296K, used 3353K [0x00000007d66b0000, 0x00000007e6e70000, 0x0000000800000000)
  eden space 127616K, 0% used [0x00000007d66b0000,0x00000007d66b0000,0x00000007de350000)
  from space 7680K, 43% used [0x00000007de350000,0x00000007de696530,0x00000007dead0000)
  to   space 7424K, 0% used [0x00000007e6730000,0x00000007e6730000,0x00000007e6e70000)
 ParOldGen       total 85120K, used 3033K [0x0000000783400000, 0x0000000788720000, 0x00000007d66b0000)
  object space 85120K, 3% used [0x0000000783400000,0x00000007836f66c0,0x0000000788720000)
 PSPermGen       total 21248K, used 2754K [0x000000077e200000, 0x000000077f6c0000, 0x0000000783400000)
  object space 21248K, 12% used [0x000000077e200000,0x000000077e4b0bd0,0x000000077f6c0000)
}
Event: 4.366 GC heap before
{Heap before GC invocations=8 (full 0):
 PSYoungGen      total 135296K, used 130969K [0x00000007d66b0000, 0x00000007e6e70000, 0x0000000800000000)
  eden space 127616K, 100% used [0x00000007d66b0000,0x00000007de350000,0x00000007de350000)
  from space 7680K, 43% used [0x00000007de350000,0x00000007de696530,0x00000007dead0000)
  to   space 7424K, 0% used [0x00000007e6730000,0x00000007e6730000,0x00000007e6e70000)
 ParOldGen       total 85120K, used 3033K [0x0000000783400000, 0x0000000788720000, 0x00000007d66b0000)
  object space 85120K, 3% used [0x0000000783400000,0x00000007836f66c0,0x0000000788720000)
 PSPermGen       total 21248K, used 2762K [0x000000077e200000, 0x000000077f6c0000, 0x0000000783400000)
  object space 21248K, 13% used [0x000000077e200000,0x000000077e4b2ab0,0x000000077f6c0000)
Event: 4.370 GC heap after
Heap after GC invocations=8 (full 0):
 PSYoungGen      total 262272K, used 192K [0x00000007d66b0000, 0x00000007e6f30000, 0x0000000800000000)
  eden space 254848K, 0% used [0x00000007d66b0000,0x00000007d66b0000,0x00000007e5f90000)
  from space 7424K, 2% used [0x00000007e6730000,0x00000007e6760000,0x00000007e6e70000)
  to   space 7808K, 0% used [0x00000007e5f90000,0x00000007e5f90000,0x00000007e6730000)
 ParOldGen       total 85120K, used 6280K [0x0000000783400000, 0x0000000788720000, 0x00000007d66b0000)
  object space 85120K, 7% used [0x0000000783400000,0x0000000783a220a0,0x0000000788720000)
 PSPermGen       total 21248K, used 2762K [0x000000077e200000, 0x000000077f6c0000, 0x0000000783400000)
  object space 21248K, 13% used [0x000000077e200000,0x000000077e4b2ab0,0x000000077f6c0000)
}

Deoptimization events (9 events):
Event: 3.312 Thread 0x000000000220e000 Uncommon trap -83 fr.pc 0x0000000002625c50
Event: 3.620 Thread 0x000000000220e000 Uncommon trap -42 fr.pc 0x0000000002629774
Event: 3.620 Thread 0x000000000220e000 Uncommon trap -42 fr.pc 0x0000000002629774
Event: 3.620 Thread 0x000000000220e000 Uncommon trap -42 fr.pc 0x0000000002629774
Event: 3.620 Thread 0x000000000220e000 Uncommon trap -42 fr.pc 0x0000000002629774
Event: 3.725 Thread 0x000000000220e000 Uncommon trap -83 fr.pc 0x0000000002637fe8
Event: 3.725 Thread 0x000000000220e000 Uncommon trap -83 fr.pc 0x000000000262ed4c
Event: 3.822 Thread 0x000000000220e000 Uncommon trap -83 fr.pc 0x000000000262a73c
Event: 3.879 Thread 0x000000000220e000 Uncommon trap -83 fr.pc 0x000000000263e75c

Internal exceptions (9 events):
Event: 0.027 Thread 0x000000000220e000 Threw 0x00000007d66b61b0 at C:\jdk7u2_64p\jdk7u25\hotspot\src\share\vm\prims\jni.cpp:3994
Event: 0.215 Thread 0x000000000220e000 Threw 0x00000007d66ffef0 at C:\jdk7u2_64p\jdk7u25\hotspot\src\share\vm\prims\jvm.cpp:1235
Event: 2.670 Thread 0x000000000220e000 Threw 0x00000007d6714798 at C:\jdk7u2_64p\jdk7u25\hotspot\src\share\vm\prims\jvm.cpp:1235
Event: 3.313 Thread 0x000000000220e000 Threw 0x00000007d6f08160 at C:\jdk7u2_64p\jdk7u25\hotspot\src\share\vm\prims\jvm.cpp:1235
Event: 3.449 Thread 0x000000000220e000 Threw 0x00000007d6f0b6a0 at C:\jdk7u2_64p\jdk7u25\hotspot\src\share\vm\prims\jvm.cpp:1235
Event: 3.479 Thread 0x000000000220e000 Threw 0x00000007d6f0d430 at C:\jdk7u2_64p\jdk7u25\hotspot\src\share\vm\prims\jvm.cpp:1235
Event: 3.502 Thread 0x000000000220e000 Threw 0x00000007d6f15398 at C:\jdk7u2_64p\jdk7u25\hotspot\src\share\vm\prims\jvm.cpp:1235
Event: 3.728 Thread 0x000000000220e000 Threw 0x00000007d7f61248 at C:\jdk7u2_64p\jdk7u25\hotspot\src\share\vm\prims\jvm.cpp:1235
Event: 3.894 Thread 0x000000000220e000 Threw 0x00000007d8035e30 at C:\jdk7u2_64p\jdk7u25\hotspot\src\share\vm\prims\jvm.cpp:1235

Events (10 events):
Event: 77.471 Executing VM operation: ChangeBreakpoints done
Event: 77.477 Executing VM operation: EnterInterpOnlyMode
Event: 77.477 Executing VM operation: EnterInterpOnlyMode done
Event: 77.477 Executing VM operation: GetCurrentLocation
Event: 77.477 Executing VM operation: GetCurrentLocation done
Event: 77.477 Executing VM operation: ChangeSingleStep
Event: 77.477 Executing VM operation: ChangeSingleStep done
Event: 77.478 Executing VM operation: ChangeSingleStep
Event: 77.478 Executing VM operation: ChangeSingleStep done
Event: 77.559 Executing VM operation: GetOrSetLocal


Dynamic libraries:
0x000000013f130000 - 0x000000013f163000 	C:\Program Files\Java\jre7\bin\javaw.exe
0x0000000077c70000 - 0x0000000077e19000 	C:\Windows\SYSTEM32\ntdll.dll
0x0000000077b50000 - 0x0000000077c6f000 	C:\Windows\system32\kernel32.dll
0x000007fefdd30000 - 0x000007fefdd9b000 	C:\Windows\system32\KERNELBASE.dll
0x000007fefe140000 - 0x000007fefe21b000 	C:\Windows\system32\ADVAPI32.dll
0x000007fefe220000 - 0x000007fefe2bf000 	C:\Windows\system32\msvcrt.dll
0x000007fefee30000 - 0x000007fefee4f000 	C:\Windows\SYSTEM32\sechost.dll
0x000007fefe010000 - 0x000007fefe13d000 	C:\Windows\system32\RPCRT4.dll
0x0000000077a50000 - 0x0000000077b4a000 	C:\Windows\system32\USER32.dll
0x000007fefe670000 - 0x000007fefe6d7000 	C:\Windows\system32\GDI32.dll
0x000007feffd90000 - 0x000007feffd9e000 	C:\Windows\system32\LPK.dll
0x000007fefece0000 - 0x000007fefeda9000 	C:\Windows\system32\USP10.dll
0x000007fefc550000 - 0x000007fefc744000 	C:\Windows\WinSxS\amd64_microsoft.windows.common-controls_6595b64144ccf1df_6.0.7601.17514_none_fa396087175ac9ac\COMCTL32.dll
0x000007fefdf90000 - 0x000007fefe001000 	C:\Windows\system32\SHLWAPI.dll
0x000007fefe840000 - 0x000007fefe86e000 	C:\Windows\system32\IMM32.DLL
0x000007feffc80000 - 0x000007feffd89000 	C:\Windows\system32\MSCTF.dll
0x0000000070f00000 - 0x0000000070fd1000 	C:\Program Files\Java\jre7\bin\msvcr100.dll
0x000000006e690000 - 0x000000006ed9f000 	C:\Program Files\Java\jre7\bin\server\jvm.dll
0x000007fefa410000 - 0x000007fefa419000 	C:\Windows\system32\WSOCK32.dll
0x000007fefe7f0000 - 0x000007fefe83d000 	C:\Windows\system32\WS2_32.dll
0x000007fefe7e0000 - 0x000007fefe7e8000 	C:\Windows\system32\NSI.dll
0x000007fef7a00000 - 0x000007fef7a3b000 	C:\Windows\system32\WINMM.dll
0x0000000077e30000 - 0x0000000077e37000 	C:\Windows\system32\PSAPI.DLL
0x0000000073cc0000 - 0x0000000073ccf000 	C:\Program Files\Java\jre7\bin\verify.dll
0x0000000073480000 - 0x00000000734a8000 	C:\Program Files\Java\jre7\bin\java.dll
0x000000006fe20000 - 0x000000006fe55000 	C:\Program Files\Java\jre7\bin\jdwp.dll
0x0000000070890000 - 0x0000000070898000 	C:\Program Files\Java\jre7\bin\npt.dll
0x0000000073460000 - 0x0000000073475000 	C:\Program Files\Java\jre7\bin\zip.dll
0x000000006fe10000 - 0x000000006fe19000 	C:\Program Files\Java\jre7\bin\dt_socket.dll
0x000007fefbd60000 - 0x000007fefbd75000 	C:\Windows\system32\NLAapi.dll
0x000007fefac60000 - 0x000007fefac75000 	C:\Windows\system32\napinsp.dll
0x000007fefac80000 - 0x000007fefac99000 	C:\Windows\system32\pnrpnsp.dll
0x000007fefd3f0000 - 0x000007fefd445000 	C:\Windows\System32\mswsock.dll
0x000007fefd270000 - 0x000007fefd2cb000 	C:\Windows\system32\DNSAPI.dll
0x000007fefaf30000 - 0x000007fefaf3b000 	C:\Windows\System32\winrnr.dll
0x000007fefb800000 - 0x000007fefb827000 	C:\Windows\system32\IPHLPAPI.DLL
0x000007fefb7f0000 - 0x000007fefb7fb000 	C:\Windows\system32\WINNSI.DLL
0x000007fefb680000 - 0x000007fefb6d3000 	C:\Windows\System32\fwpuclnt.dll
0x000007fefad60000 - 0x000007fefad68000 	C:\Windows\system32\rasadhlp.dll
0x000007fefccb0000 - 0x000007fefccb7000 	C:\Windows\System32\wshtcpip.dll

VM Arguments:
jvm_args: -agentlib:jdwp=transport=dt_socket,suspend=y,address=localhost:60523 -Dfile.encoding=Cp1252 
java_command: data_preprocessing.userinput.UserInput
Launcher Type: SUN_STANDARD

Environment Variables:
CLASSPATH=.;C:\Program Files (x86)\Java\jre6\lib\ext\QTJava.zip
PATH=C:\Windows\system32;C:\Windows;C:\Windows\System32\Wbem;C:\Windows\System32\WindowsPowerShell\v1.0\;C:\Program Files (x86)\Intel\OpenCL SDK\2.0\bin\x86;C:\Program Files (x86)\Intel\OpenCL SDK\2.0\bin\x64;C:\Program Files\7-Zip;C:\MATLAB\R2012b\runtime\win64;C:\MATLAB\R2012b\bin;C:\Program Files (x86)\QuickTime\QTSystem\;C:\Users\SIP2LOL\miktex\miktex\bin\x64\
USERNAME=SIP2LOL
OS=Windows_NT
PROCESSOR_IDENTIFIER=Intel64 Family 6 Model 58 Stepping 9, GenuineIntel



---------------  S Y S T E M  ---------------

OS: Windows 7 , 64 bit Build 7601 Service Pack 1

CPU:total 4 (4 cores per cpu, 1 threads per core) family 6 model 58 stepping 9, cmov, cx8, fxsr, mmx, sse, sse2, sse3, ssse3, sse4.1, sse4.2, popcnt, avx, tsc, tscinvbit, tscinv

Memory: 4k page, physical 8167896k(5225188k free), swap 16333932k(12852164k free)

vm_info: Java HotSpot(TM) 64-Bit Server VM (23.25-b01) for windows-amd64 JRE (1.7.0_25-b16), built on Jun 12 2013 16:42:02 by "java_re" with unknown MS VC++:1600

time: Thu Nov 28 14:24:53 2013
elapsed time: 77 seconds

